[35m[Appium][39m Welcome to Appium v1.17.1
[35m[Appium][39m Non-default server args:
[35m[Appium][39m   port: 53721
[35m[Appium][39m   loglevel: info
[35m[Appium][39m   tmpDir: C:\Users\lenovo\AppData\Local\Temp\\Katalon\Appium\Temp1594628667297
[35m[Appium][39m   chromedriverPort: 53722
[35m[Appium][39m Deprecated server args:
[35m[Appium][39m   [31m--chromedriver-port[39m => --default-capabilities '{"chromedriverPort":53722}'
[35m[Appium][39m Default capabilities, which will be added to each request unless overridden by desired capabilities:
[35m[Appium][39m   chromedriverPort: 53722
[35m[Appium][39m Appium REST http interface listener started on 0.0.0.0:53799
[35m[HTTP][39m [37m-->[39m [37mGET[39m [37m/wd/hub/status[39m
[35m[HTTP][39m [90m{}[39m
[35m[HTTP][39m [37m<-- GET /wd/hub/status [39m[32m200[39m [90m176 ms - 68[39m
[35m[HTTP][39m [90m[39m
[35m[HTTP][39m [37m-->[39m [37mGET[39m [37m/wd/hub/status[39m
[35m[HTTP][39m [90m{}[39m
[35m[HTTP][39m [37m<-- GET /wd/hub/status [39m[32m200[39m [90m7 ms - 68[39m
[35m[HTTP][39m [90m[39m
[35m[HTTP][39m [37m-->[39m [37mPOST[39m [37m/wd/hub/session[39m
[35m[HTTP][39m [90m{"desiredCapabilities":{"app":"C:\\Users\\lenovo\\Katalon Studio\\Test Demo for Mobile Automation using Physical Devices\\Moveit.apk","noReset":true,"deviceName":"Xiaomi Redmi Note 7S (Android 9)","fullReset":false,"platform":"ANDROID","newCommandTimeout":1800,"platformVersion":"9","automationName":"uiautomator2","autoGrantPermissions":true,"platformName":"Android","udid":"230cde96","systemPort":53831},"capabilities":{"firstMatch":[{"appium:app":"C:\\Users\\lenovo\\Katalon Studio\\Test Demo for Mobile Automation using Physical Devices\\Moveit.apk","appium:autoGrantPermissions":true,"appium:automationName":"uiautomator2","appium:deviceName":"Xiaomi Redmi Note 7S (Android 9)","appium:fullReset":false,"appium:newCommandTimeout":1800,"appium:noReset":true,"platform":"ANDROID","platformName":"android","appium:platformVersion":"9","appium:systemPort":53831,"appium:udid":"230cde96"}]}}[39m
[35m[BaseDriver][39m The following capabilities are not standard capabilities and should have an extension prefix:
[35m[BaseDriver][39m   platform
[35m[BaseDriver][39m   chromedriverPort
[35m[Appium][39m Appium v1.17.1 creating new AndroidUiautomator2Driver (v1.44.2) session
[35m[BaseDriver][39m The following capabilities were provided, but are not recognized by Appium:
[35m[BaseDriver][39m   platform
[35m[BaseDriver][39m Session created with session id: d0712b22-0215-4908-9402-3bd3ca725f3d
[35m[BaseDriver][39m Using local app 'C:\Users\lenovo\Katalon Studio\Test Demo for Mobile Automation using Physical Devices\Moveit.apk'
[35m[ADB][39m Found 1 'build-tools' folders under 'C:\Users\lenovo\.katalon\tools\android_sdk' (newest first):
[35m[ADB][39m     C:/Users/lenovo/.katalon/tools/android_sdk/build-tools/29.0.3
[35m[ADB][39m Using 'adb.exe' from 'C:\Users\lenovo\.katalon\tools\android_sdk\platform-tools\adb.exe'
[35m[AndroidDriver][39m Retrieving device list
[35m[AndroidDriver][39m Using device: 230cde96
[35m[ADB][39m Using 'adb.exe' from 'C:\Users\lenovo\.katalon\tools\android_sdk\platform-tools\adb.exe'
[35m[ADB][39m Getting device platform version
[35m[UiAutomator2][39m Relaxing hidden api policy
[35m[ADB][39m Package name: 'com.moveit'
[35m[ADB][39m Main activity name: 'com.moveit.MainActivity'
[35m[ADB][39m Using 'apksigner.jar' from 'C:\Users\lenovo\.katalon\tools\android_sdk\build-tools\29.0.3\lib\apksigner.jar'
[35m[UiAutomator2][39m Server packages are not going to be (re)installed
[35m[ADB][39m The application at 'C:\Users\lenovo\Katalon Studio\Test Demo for Mobile Automation using Physical Devices\Moveit.apk' will not be cached, because the device under test has confirmed the support of streamed installs
[35m[ADB][39m The installation of 'Moveit.apk' took 11857ms
[35m[UiAutomator2][39m Starting UIAutomator2 server 4.5.5
[35m[UiAutomator2][39m Using UIAutomator2 server from 'C:\Users\lenovo\AppData\Roaming\npm\node_modules\appium\node_modules\appium-uiautomator2-server\apks\appium-uiautomator2-server-v4.5.5.apk' and test from 'C:\Users\lenovo\AppData\Roaming\npm\node_modules\appium\node_modules\appium-uiautomator2-server\apks\appium-uiautomator2-server-debug-androidTest.apk'
[35m[UiAutomator2][39m Waiting up to 30000ms for UiAutomator2 to be online...
[35m[WD Proxy][39m Got response with unknown status: {"code":"ECONNRESET"}
[35m[WD Proxy][39m Got response with unknown status: {"code":"ECONNRESET"}
[35m[WD Proxy][39m Got response with unknown status: {"code":"ECONNRESET"}
[35m[WD Proxy][39m Got response with unknown status: {"code":"ECONNRESET"}
[35m[WD Proxy][39m Got response with unknown status: {"code":"ECONNRESET"}
[35m[WD Proxy][39m Determined the downstream protocol as 'W3C'
[35m[AndroidDriver][39m Screen already unlocked, doing nothing
[35m[UiAutomator2][39m Starting 'com.moveit/com.moveit.MainActivity and waiting for 'com.moveit/com.moveit.MainActivity'
[35m[Appium][39m New AndroidUiautomator2Driver session created successfully, session d0712b22-0215-4908-9402-3bd3ca725f3d added to master session list
[35m[HTTP][39m [37m<-- POST /wd/hub/session [39m[32m200[39m [90m75284 ms - 1340[39m
[35m[HTTP][39m [90m[39m
[35m[HTTP][39m [37m-->[39m [37mGET[39m [37m/wd/hub/session/d0712b22-0215-4908-9402-3bd3ca725f3d[39m
[35m[HTTP][39m [90m{}[39m
[35m[HTTP][39m [37m<-- GET /wd/hub/session/d0712b22-0215-4908-9402-3bd3ca725f3d [39m[32m200[39m [90m109 ms - 1272[39m
[35m[HTTP][39m [90m[39m
[35m[HTTP][39m [37m-->[39m [37mGET[39m [37m/wd/hub/session/d0712b22-0215-4908-9402-3bd3ca725f3d[39m
[35m[HTTP][39m [90m{}[39m
[35m[HTTP][39m [37m<-- GET /wd/hub/session/d0712b22-0215-4908-9402-3bd3ca725f3d [39m[32m200[39m [90m93 ms - 1272[39m
[35m[HTTP][39m [90m[39m
[35m[HTTP][39m [37m-->[39m [37mGET[39m [37m/wd/hub/status[39m
[35m[HTTP][39m [90m{}[39m
[35m[HTTP][39m [37m<-- GET /wd/hub/status [39m[32m200[39m [90m3 ms - 68[39m
[35m[HTTP][39m [90m[39m
[35m[HTTP][39m [37m-->[39m [37mPOST[39m [37m/wd/hub/session/d0712b22-0215-4908-9402-3bd3ca725f3d/timeouts[39m
[35m[HTTP][39m [90m{"implicit":60000}[39m
[35m[HTTP][39m [37m<-- POST /wd/hub/session/d0712b22-0215-4908-9402-3bd3ca725f3d/timeouts [39m[32m200[39m [90m12 ms - 14[39m
[35m[HTTP][39m [90m[39m
[35m[HTTP][39m [37m-->[39m [37mGET[39m [37m/wd/hub/session/d0712b22-0215-4908-9402-3bd3ca725f3d/source[39m
[35m[HTTP][39m [90m{}[39m
[35m[W3C (d0712b22)][39m Driver proxy active, passing request on via HTTP proxy
[35m[WD Proxy][39m Replacing sessionId 3fcbc514-0136-4cbf-aa8c-8ea124ac754d with d0712b22-0215-4908-9402-3bd3ca725f3d
[35m[HTTP][39m [37m<-- GET /wd/hub/session/d0712b22-0215-4908-9402-3bd3ca725f3d/source [39m[32m200[39m [90m571 ms - 12863[39m
[35m[HTTP][39m [90m[39m
[35m[HTTP][39m [37m-->[39m [37mGET[39m [37m/wd/hub/session/d0712b22-0215-4908-9402-3bd3ca725f3d/screenshot[39m
[35m[HTTP][39m [90m{}[39m
[35m[HTTP][39m [37m<-- GET /wd/hub/session/d0712b22-0215-4908-9402-3bd3ca725f3d/screenshot [39m[32m200[39m [90m2069 ms - 1327068[39m
[35m[HTTP][39m [90m[39m
[35m[HTTP][39m [37m-->[39m [37mGET[39m [37m/wd/hub/session/d0712b22-0215-4908-9402-3bd3ca725f3d/window/rect[39m
[35m[HTTP][39m [90m{}[39m
[35m[HTTP][39m [37m<-- GET /wd/hub/session/d0712b22-0215-4908-9402-3bd3ca725f3d/window/rect [39m[32m200[39m [90m147 ms - 50[39m
[35m[HTTP][39m [90m[39m
[35m[HTTP][39m [37m-->[39m [37mPOST[39m [37m/wd/hub/session/d0712b22-0215-4908-9402-3bd3ca725f3d/elements[39m
[35m[HTTP][39m [90m{"using":"xpath","value":"//hierarchy/android.widget.FrameLayout[1]/android.widget.LinearLayout[1]/android.widget.FrameLayout[1]/android.widget.LinearLayout[1]/android.widget.FrameLayout[1]/android.widget.FrameLayout[1]/android.view.ViewGroup[1]/android.view.ViewGroup[1]/android.view.ViewGroup[1]/android.view.ViewGroup[1]/android.view.ViewGroup[1]/android.view.ViewGroup[1]/android.view.ViewGroup[1]/android.view.ViewGroup[1]/android.view.ViewGroup[1]/android.view.ViewGroup[1]/android.widget.ScrollView[1]/android.view.ViewGroup[1]/android.widget.EditText[1]"}[39m
[35m[HTTP][39m [37m<-- POST /wd/hub/session/d0712b22-0215-4908-9402-3bd3ca725f3d/elements [39m[32m200[39m [90m1237 ms - 139[39m
[35m[HTTP][39m [90m[39m
[35m[HTTP][39m [37m-->[39m [37mGET[39m [37m/wd/hub/session/d0712b22-0215-4908-9402-3bd3ca725f3d/element/404999ad-d733-40c7-ae9d-ce95b261e334/location[39m
[35m[HTTP][39m [90m{}[39m
[35m[W3C (d0712b22)][39m Driver proxy active, passing request on via HTTP proxy
[35m[WD Proxy][39m Replacing sessionId 3fcbc514-0136-4cbf-aa8c-8ea124ac754d with d0712b22-0215-4908-9402-3bd3ca725f3d
[35m[HTTP][39m [37m<-- GET /wd/hub/session/d0712b22-0215-4908-9402-3bd3ca725f3d/element/404999ad-d733-40c7-ae9d-ce95b261e334/location [39m[32m200[39m [90m120 ms - 79[39m
[35m[HTTP][39m [90m[39m
[35m[HTTP][39m [37m-->[39m [37mPOST[39m [37m/wd/hub/session/d0712b22-0215-4908-9402-3bd3ca725f3d/element/404999ad-d733-40c7-ae9d-ce95b261e334/clear[39m
[35m[HTTP][39m [90m{"id":"404999ad-d733-40c7-ae9d-ce95b261e334"}[39m
[35m[HTTP][39m [37m<-- POST /wd/hub/session/d0712b22-0215-4908-9402-3bd3ca725f3d/element/404999ad-d733-40c7-ae9d-ce95b261e334/clear [39m[32m200[39m [90m163 ms - 14[39m
[35m[HTTP][39m [90m[39m
[35m[HTTP][39m [37m-->[39m [37mPOST[39m [37m/wd/hub/session/d0712b22-0215-4908-9402-3bd3ca725f3d/element/404999ad-d733-40c7-ae9d-ce95b261e334/value[39m
[35m[HTTP][39m [90m{"id":"404999ad-d733-40c7-ae9d-ce95b261e334","text":"manager@ccs","value":["m","a","n","a","g","e","r","@","c","c","s"]}[39m
[35m[HTTP][39m [37m<-- POST /wd/hub/session/d0712b22-0215-4908-9402-3bd3ca725f3d/element/404999ad-d733-40c7-ae9d-ce95b261e334/value [39m[32m200[39m [90m883 ms - 14[39m
[35m[HTTP][39m [90m[39m
[35m[HTTP][39m [37m-->[39m [37mGET[39m [37m/wd/hub/session/d0712b22-0215-4908-9402-3bd3ca725f3d/source[39m
[35m[HTTP][39m [90m{}[39m
[35m[W3C (d0712b22)][39m Driver proxy active, passing request on via HTTP proxy
[35m[WD Proxy][39m Replacing sessionId 3fcbc514-0136-4cbf-aa8c-8ea124ac754d with d0712b22-0215-4908-9402-3bd3ca725f3d
[35m[HTTP][39m [37m<-- GET /wd/hub/session/d0712b22-0215-4908-9402-3bd3ca725f3d/source [39m[32m200[39m [90m763 ms - 12863[39m
[35m[HTTP][39m [90m[39m
[35m[HTTP][39m [37m-->[39m [37mGET[39m [37m/wd/hub/session/d0712b22-0215-4908-9402-3bd3ca725f3d/screenshot[39m
[35m[HTTP][39m [90m{}[39m
[35m[HTTP][39m [37m<-- GET /wd/hub/session/d0712b22-0215-4908-9402-3bd3ca725f3d/screenshot [39m[32m200[39m [90m1880 ms - 1326920[39m
[35m[HTTP][39m [90m[39m
[35m[HTTP][39m [37m-->[39m [37mGET[39m [37m/wd/hub/session/d0712b22-0215-4908-9402-3bd3ca725f3d/window/rect[39m
[35m[HTTP][39m [90m{}[39m
[35m[HTTP][39m [37m<-- GET /wd/hub/session/d0712b22-0215-4908-9402-3bd3ca725f3d/window/rect [39m[32m200[39m [90m92 ms - 50[39m
[35m[HTTP][39m [90m[39m
[35m[HTTP][39m [37m-->[39m [37mPOST[39m [37m/wd/hub/session/d0712b22-0215-4908-9402-3bd3ca725f3d/elements[39m
[35m[HTTP][39m [90m{"using":"xpath","value":"//hierarchy/android.widget.FrameLayout[1]/android.widget.LinearLayout[1]/android.widget.FrameLayout[1]/android.widget.LinearLayout[1]/android.widget.FrameLayout[1]/android.widget.FrameLayout[1]/android.view.ViewGroup[1]/android.view.ViewGroup[1]/android.view.ViewGroup[1]/android.view.ViewGroup[1]/android.view.ViewGroup[1]/android.view.ViewGroup[1]/android.view.ViewGroup[1]/android.view.ViewGroup[1]/android.view.ViewGroup[1]/android.view.ViewGroup[1]/android.widget.ScrollView[1]/android.view.ViewGroup[1]/android.widget.EditText[2]"}[39m
[35m[HTTP][39m [37m<-- POST /wd/hub/session/d0712b22-0215-4908-9402-3bd3ca725f3d/elements [39m[32m200[39m [90m496 ms - 139[39m
[35m[HTTP][39m [90m[39m
[35m[HTTP][39m [37m-->[39m [37mGET[39m [37m/wd/hub/session/d0712b22-0215-4908-9402-3bd3ca725f3d/element/45a8d649-7960-4fff-92be-7369d9d3dc84/location[39m
[35m[HTTP][39m [90m{}[39m
[35m[W3C (d0712b22)][39m Driver proxy active, passing request on via HTTP proxy
[35m[WD Proxy][39m Replacing sessionId 3fcbc514-0136-4cbf-aa8c-8ea124ac754d with d0712b22-0215-4908-9402-3bd3ca725f3d
[35m[HTTP][39m [37m<-- GET /wd/hub/session/d0712b22-0215-4908-9402-3bd3ca725f3d/element/45a8d649-7960-4fff-92be-7369d9d3dc84/location [39m[32m200[39m [90m221 ms - 79[39m
[35m[HTTP][39m [90m[39m
[35m[HTTP][39m [37m-->[39m [37mPOST[39m [37m/wd/hub/session/d0712b22-0215-4908-9402-3bd3ca725f3d/element/45a8d649-7960-4fff-92be-7369d9d3dc84/clear[39m
[35m[HTTP][39m [90m{"id":"45a8d649-7960-4fff-92be-7369d9d3dc84"}[39m
[35m[HTTP][39m [37m<-- POST /wd/hub/session/d0712b22-0215-4908-9402-3bd3ca725f3d/element/45a8d649-7960-4fff-92be-7369d9d3dc84/clear [39m[32m200[39m [90m106 ms - 14[39m
[35m[HTTP][39m [90m[39m
[35m[HTTP][39m [37m-->[39m [37mPOST[39m [37m/wd/hub/session/d0712b22-0215-4908-9402-3bd3ca725f3d/element/45a8d649-7960-4fff-92be-7369d9d3dc84/value[39m
[35m[HTTP][39m [90m{"id":"45a8d649-7960-4fff-92be-7369d9d3dc84","text":"manager","value":["m","a","n","a","g","e","r"]}[39m
[35m[HTTP][39m [37m<-- POST /wd/hub/session/d0712b22-0215-4908-9402-3bd3ca725f3d/element/45a8d649-7960-4fff-92be-7369d9d3dc84/value [39m[32m200[39m [90m1416 ms - 14[39m
[35m[HTTP][39m [90m[39m
[35m[HTTP][39m [37m-->[39m [37mGET[39m [37m/wd/hub/session/d0712b22-0215-4908-9402-3bd3ca725f3d/source[39m
[35m[HTTP][39m [90m{}[39m
[35m[W3C (d0712b22)][39m Driver proxy active, passing request on via HTTP proxy
[35m[WD Proxy][39m Replacing sessionId 3fcbc514-0136-4cbf-aa8c-8ea124ac754d with d0712b22-0215-4908-9402-3bd3ca725f3d
[35m[HTTP][39m [37m<-- GET /wd/hub/session/d0712b22-0215-4908-9402-3bd3ca725f3d/source [39m[32m200[39m [90m294 ms - 12863[39m
[35m[HTTP][39m [90m[39m
[35m[HTTP][39m [37m-->[39m [37mGET[39m [37m/wd/hub/session/d0712b22-0215-4908-9402-3bd3ca725f3d/screenshot[39m
[35m[HTTP][39m [90m{}[39m
[35m[HTTP][39m [37m<-- GET /wd/hub/session/d0712b22-0215-4908-9402-3bd3ca725f3d/screenshot [39m[32m200[39m [90m1521 ms - 1326854[39m
[35m[HTTP][39m [90m[39m
[35m[HTTP][39m [37m-->[39m [37mGET[39m [37m/wd/hub/session/d0712b22-0215-4908-9402-3bd3ca725f3d/window/rect[39m
[35m[HTTP][39m [90m{}[39m
[35m[HTTP][39m [37m<-- GET /wd/hub/session/d0712b22-0215-4908-9402-3bd3ca725f3d/window/rect [39m[32m200[39m [90m103 ms - 50[39m
[35m[HTTP][39m [90m[39m
[35m[HTTP][39m [37m-->[39m [37mPOST[39m [37m/wd/hub/session/d0712b22-0215-4908-9402-3bd3ca725f3d/elements[39m
[35m[HTTP][39m [90m{"using":"xpath","value":"//hierarchy/android.widget.FrameLayout[1]/android.widget.LinearLayout[1]/android.widget.FrameLayout[1]/android.widget.LinearLayout[1]/android.widget.FrameLayout[1]/android.widget.FrameLayout[1]/android.view.ViewGroup[1]/android.view.ViewGroup[1]/android.view.ViewGroup[1]/android.view.ViewGroup[1]/android.view.ViewGroup[1]/android.view.ViewGroup[1]/android.view.ViewGroup[1]/android.view.ViewGroup[1]/android.view.ViewGroup[1]/android.view.ViewGroup[1]/android.widget.ScrollView[1]/android.view.ViewGroup[1]/android.view.ViewGroup[2]/android.widget.TextView[1]"}[39m
[35m[HTTP][39m [37m<-- POST /wd/hub/session/d0712b22-0215-4908-9402-3bd3ca725f3d/elements [39m[32m200[39m [90m342 ms - 139[39m
[35m[HTTP][39m [90m[39m
[35m[HTTP][39m [37m-->[39m [37mGET[39m [37m/wd/hub/session/d0712b22-0215-4908-9402-3bd3ca725f3d/element/cc6602b9-1aa9-46e4-afa0-ba116fa0ba34/location[39m
[35m[HTTP][39m [90m{}[39m
[35m[W3C (d0712b22)][39m Driver proxy active, passing request on via HTTP proxy
[35m[WD Proxy][39m Replacing sessionId 3fcbc514-0136-4cbf-aa8c-8ea124ac754d with d0712b22-0215-4908-9402-3bd3ca725f3d
[35m[HTTP][39m [37m<-- GET /wd/hub/session/d0712b22-0215-4908-9402-3bd3ca725f3d/element/cc6602b9-1aa9-46e4-afa0-ba116fa0ba34/location [39m[32m200[39m [90m57 ms - 79[39m
[35m[HTTP][39m [90m[39m
[35m[HTTP][39m [37m-->[39m [37mPOST[39m [37m/wd/hub/session/d0712b22-0215-4908-9402-3bd3ca725f3d/touch/perform[39m
[35m[HTTP][39m [90m{"actions":[{"action":"tap","options":{"x":1,"y":1,"element":"cc6602b9-1aa9-46e4-afa0-ba116fa0ba34"}}]}[39m
[35m[UiAutomator2][39m calling get location: cc6602b9-1aa9-46e4-afa0-ba116fa0ba34
[35m[HTTP][39m [37m<-- POST /wd/hub/session/d0712b22-0215-4908-9402-3bd3ca725f3d/touch/perform [39m[32m200[39m [90m408 ms - 14[39m
[35m[HTTP][39m [90m[39m
[35m[HTTP][39m [37m-->[39m [37mGET[39m [37m/wd/hub/session/d0712b22-0215-4908-9402-3bd3ca725f3d/source[39m
[35m[HTTP][39m [90m{}[39m
[35m[W3C (d0712b22)][39m Driver proxy active, passing request on via HTTP proxy
[35m[WD Proxy][39m Replacing sessionId 3fcbc514-0136-4cbf-aa8c-8ea124ac754d with d0712b22-0215-4908-9402-3bd3ca725f3d
[35m[HTTP][39m [37m<-- GET /wd/hub/session/d0712b22-0215-4908-9402-3bd3ca725f3d/source [39m[32m200[39m [90m401 ms - 13341[39m
[35m[HTTP][39m [90m[39m
[35m[HTTP][39m [37m-->[39m [37mGET[39m [37m/wd/hub/session/d0712b22-0215-4908-9402-3bd3ca725f3d/screenshot[39m
[35m[HTTP][39m [90m{}[39m
[35m[HTTP][39m [37m<-- GET /wd/hub/session/d0712b22-0215-4908-9402-3bd3ca725f3d/screenshot [39m[32m200[39m [90m1946 ms - 1324380[39m
[35m[HTTP][39m [90m[39m
[35m[HTTP][39m [37m-->[39m [37mDELETE[39m [37m/wd/hub/session/d0712b22-0215-4908-9402-3bd3ca725f3d[39m
[35m[HTTP][39m [90m{}[39m
[35m[Appium][39m Removing session d0712b22-0215-4908-9402-3bd3ca725f3d from our master session list
[35m[UiAutomator2][39m Restoring hidden api policy to the device default configuration
[35m[HTTP][39m [37m<-- DELETE /wd/hub/session/d0712b22-0215-4908-9402-3bd3ca725f3d [39m[32m200[39m [90m4033 ms - 14[39m
[35m[HTTP][39m [90m[39m
